# JRE version: OpenJDK Runtime Environment Temurin-21.0.9+10 (21.0.9+10) (build 21.0.9+10-LTS)
# Java VM: OpenJDK 64-Bit Server VM Temurin-21.0.9+10 (21.0.9+10-LTS, mixed mode, sharing, tiered, compressed oops, compressed class ptrs, g1 gc, windows-amd64)
GC Precious Log:
 CardTable entry size: 512
 Card Set container configuration: InlinePtr #cards 4 size 8 Array Of Cards #cards 16 size 48 Howl #buckets 8 coarsen threshold 3686 Howl Bitmap #cards 512 size 80 coarsen threshold 460 Card regions per heap region 1 cards per card region 4096
 CPUs: 16 total, 16 available
 Memory: 49069M
 Large Page Support: Disabled
 NUMA Support: Disabled
 Compressed Oops: Enabled (Zero based)
 Heap Region Size: 2M
 Heap Min Capacity: 8M
 Heap Initial Capacity: 768M
 Heap Max Capacity: 4G
 Pre-touch: Disabled
 Parallel Workers: 13
 Concurrent Workers: 3
 Concurrent Refinement Workers: 13
 Periodic GC: Disabled
Heap:
 garbage-first heap   total 286720K, used 226092K [0x0000000700000000, 0x0000000800000000)
  region size 2048K, 26 young (53248K), 2 survivors (4096K)
 Metaspace       used 89175K, committed 91648K, reserved 1179648K
  class space    used 12192K, committed 13376K, reserved 1048576K
GC Heap History (20 events):
Event: 376.790 GC heap before
{Heap before GC invocations=32 (full 0):
 garbage-first heap   total 204800K, used 190081K [0x0000000700000000, 0x0000000800000000)
  region size 2048K, 41 young (83968K), 3 survivors (6144K)
 Metaspace       used 87660K, committed 90112K, reserved 1179648K
  class space    used 12132K, committed 13312K, reserved 1048576K
}
Event: 376.793 GC heap after
{Heap after GC invocations=33 (full 0):
 garbage-first heap   total 204800K, used 103913K [0x0000000700000000, 0x0000000800000000)
  region size 2048K, 3 young (6144K), 3 survivors (6144K)
 Metaspace       used 87660K, committed 90112K, reserved 1179648K
  class space    used 12132K, committed 13312K, reserved 1048576K
}
Event: 436.467 GC heap before
{Heap before GC invocations=33 (full 0):
 garbage-first heap   total 204800K, used 189929K [0x0000000700000000, 0x0000000800000000)
  region size 2048K, 46 young (94208K), 3 survivors (6144K)
 Metaspace       used 87867K, committed 90368K, reserved 1179648K
  class space    used 12136K, committed 13312K, reserved 1048576K
}
Event: 436.470 GC heap after
{Heap after GC invocations=34 (full 0):
 garbage-first heap   total 204800K, used 109205K [0x0000000700000000, 0x0000000800000000)
  region size 2048K, 5 young (10240K), 5 survivors (10240K)
 Metaspace       used 87867K, committed 90368K, reserved 1179648K
  class space    used 12136K, committed 13312K, reserved 1048576K
}
Event: 436.939 GC heap before
{Heap before GC invocations=35 (full 0):
 garbage-first heap   total 204800K, used 191125K [0x0000000700000000, 0x0000000800000000)
  region size 2048K, 45 young (92160K), 5 survivors (10240K)
 Metaspace       used 88007K, committed 90432K, reserved 1179648K
  class space    used 12137K, committed 13312K, reserved 1048576K
}
Event: 436.946 GC heap after
{Heap after GC invocations=36 (full 0):
 garbage-first heap   total 229376K, used 135991K [0x0000000700000000, 0x0000000800000000)
  region size 2048K, 6 young (12288K), 6 survivors (12288K)
 Metaspace       used 88007K, committed 90432K, reserved 1179648K
  class space    used 12137K, committed 13312K, reserved 1048576K
}
Event: 437.151 GC heap before
{Heap before GC invocations=36 (full 0):
 garbage-first heap   total 229376K, used 193335K [0x0000000700000000, 0x0000000800000000)
  region size 2048K, 34 young (69632K), 6 survivors (12288K)
 Metaspace       used 88183K, committed 90624K, reserved 1179648K
  class space    used 12139K, committed 13312K, reserved 1048576K
}
Event: 437.163 GC heap after
{Heap after GC invocations=37 (full 0):
 garbage-first heap   total 235520K, used 161384K [0x0000000700000000, 0x0000000800000000)
  region size 2048K, 5 young (10240K), 5 survivors (10240K)
 Metaspace       used 88183K, committed 90624K, reserved 1179648K
  class space    used 12139K, committed 13312K, reserved 1048576K
}
Event: 473.762 GC heap before
{Heap before GC invocations=37 (full 0):
 garbage-first heap   total 235520K, used 198248K [0x0000000700000000, 0x0000000800000000)
  region size 2048K, 24 young (49152K), 5 survivors (10240K)
 Metaspace       used 88256K, committed 90688K, reserved 1179648K
  class space    used 12139K, committed 13312K, reserved 1048576K
}
Event: 473.765 GC heap after
{Heap after GC invocations=38 (full 0):
 garbage-first heap   total 282624K, used 165652K [0x0000000700000000, 0x0000000800000000)
  region size 2048K, 2 young (4096K), 2 survivors (4096K)
 Metaspace       used 88256K, committed 90688K, reserved 1179648K
  class space    used 12139K, committed 13312K, reserved 1048576K
}
Event: 478.571 GC heap before
{Heap before GC invocations=39 (full 0):
 garbage-first heap   total 282624K, used 235284K [0x0000000700000000, 0x0000000800000000)
  region size 2048K, 37 young (75776K), 2 survivors (4096K)
 Metaspace       used 88256K, committed 90688K, reserved 1179648K
  class space    used 12139K, committed 13312K, reserved 1048576K
}
Event: 478.572 GC heap after
{Heap after GC invocations=40 (full 0):
 garbage-first heap   total 282624K, used 162726K [0x0000000700000000, 0x0000000800000000)
  region size 2048K, 1 young (2048K), 1 survivors (2048K)
 Metaspace       used 88256K, committed 90688K, reserved 1179648K
  class space    used 12139K, committed 13312K, reserved 1048576K
}
Event: 995.448 GC heap before
{Heap before GC invocations=40 (full 0):
 garbage-first heap   total 282624K, used 244646K [0x0000000700000000, 0x0000000800000000)
  region size 2048K, 42 young (86016K), 1 survivors (2048K)
 Metaspace       used 88421K, committed 90880K, reserved 1179648K
  class space    used 12140K, committed 13312K, reserved 1048576K
}
Event: 995.451 GC heap after
{Heap after GC invocations=41 (full 0):
 garbage-first heap   total 282624K, used 156133K [0x0000000700000000, 0x0000000800000000)
  region size 2048K, 3 young (6144K), 3 survivors (6144K)
 Metaspace       used 88421K, committed 90880K, reserved 1179648K
  class space    used 12140K, committed 13312K, reserved 1048576K
}
Event: 996.177 GC heap before
{Heap before GC invocations=41 (full 0):
 garbage-first heap   total 282624K, used 250341K [0x0000000700000000, 0x0000000800000000)
  region size 2048K, 49 young (100352K), 3 survivors (6144K)
 Metaspace       used 88519K, committed 90944K, reserved 1179648K
  class space    used 12143K, committed 13312K, reserved 1048576K
}
Event: 996.184 GC heap after
{Heap after GC invocations=42 (full 0):
 garbage-first heap   total 284672K, used 183342K [0x0000000700000000, 0x0000000800000000)
  region size 2048K, 7 young (14336K), 7 survivors (14336K)
 Metaspace       used 88519K, committed 90944K, reserved 1179648K
  class space    used 12143K, committed 13312K, reserved 1048576K
}
Event: 996.472 GC heap before
{Heap before GC invocations=43 (full 0):
 garbage-first heap   total 286720K, used 226350K [0x0000000700000000, 0x0000000800000000)
  region size 2048K, 35 young (71680K), 7 survivors (14336K)
 Metaspace       used 88637K, committed 91072K, reserved 1179648K
  class space    used 12144K, committed 13312K, reserved 1048576K
}
Event: 996.482 GC heap after
{Heap after GC invocations=44 (full 0):
 garbage-first heap   total 286720K, used 199563K [0x0000000700000000, 0x0000000800000000)
  region size 2048K, 5 young (10240K), 5 survivors (10240K)
 Metaspace       used 88637K, committed 91072K, reserved 1179648K
  class space    used 12144K, committed 13312K, reserved 1048576K
}
Event: 1040.185 GC heap before
{Heap before GC invocations=44 (full 0):
 garbage-first heap   total 286720K, used 242571K [0x0000000700000000, 0x0000000800000000)
  region size 2048K, 26 young (53248K), 5 survivors (10240K)
 Metaspace       used 89066K, committed 91584K, reserved 1179648K
  class space    used 12191K, committed 13376K, reserved 1048576K
}
Event: 1040.189 GC heap after
{Heap after GC invocations=45 (full 0):
 garbage-first heap   total 286720K, used 178988K [0x0000000700000000, 0x0000000800000000)
  region size 2048K, 2 young (4096K), 2 survivors (4096K)
 Metaspace       used 89066K, committed 91584K, reserved 1179648K
  class space    used 12191K, committed 13376K, reserved 1048576K
}

